This file contains any messages produced by compilers while
running configure, to aid debugging if configure makes a mistake.

It was created by configure, which was
generated by GNU Autoconf 2.69.  Invocation command line was

  $ ./configure --disable-option-checking --prefix=/usr/local LDFLAGS=-L/usr/local/opt/openssl/lib CPPFLAGS=-I/usr/local/opt/openssl/include --cache-file=/dev/null --srcdir=.

## --------- ##
## Platform. ##
## --------- ##

hostname = luyongchendeMacBook-Pro.local
uname -m = x86_64
uname -r = 17.4.0
uname -s = Darwin
uname -v = Darwin Kernel Version 17.4.0: Sun Dec 17 09:19:54 PST 2017; root:xnu-4570.41.2~1/RELEASE_X86_64

/usr/bin/uname -p = i386
/bin/uname -X     = unknown

/bin/arch              = unknown
/usr/bin/arch -k       = unknown
/usr/convex/getsysinfo = unknown
/usr/bin/hostinfo      = Mach kernel version:
	 Darwin Kernel Version 17.4.0: Sun Dec 17 09:19:54 PST 2017; root:xnu-4570.41.2~1/RELEASE_X86_64
Kernel configured for up to 4 processors.
2 processors are physically available.
4 processors are logically available.
Processor type: x86_64h (Intel x86-64h Haswell)
Processors active: 0 1 2 3
Primary memory available: 16.00 gigabytes
Default processor set: 342 tasks, 1311 threads, 4 processors
Load average: 2.30, Mach factor: 1.72
/bin/machine           = unknown
/usr/bin/oslevel       = unknown
/bin/universe          = unknown

PATH: /usr/local/bin
PATH: /usr/bin
PATH: /bin
PATH: /usr/sbin
PATH: /sbin


## ----------- ##
## Core tests. ##
## ----------- ##

configure:2380: checking for grep that handles long lines and -e
configure:2438: result: /usr/bin/grep
configure:2443: checking for egrep
configure:2505: result: /usr/bin/grep -E
configure:2510: checking for a sed that does not truncate output
configure:2564: result: /usr/bin/sed
configure:2701: checking for cc
configure:2717: found /usr/bin/cc
configure:2728: result: cc
configure:2759: checking for C compiler version
configure:2768: cc --version >&5
Apple LLVM version 9.0.0 (clang-900.0.39.2)
Target: x86_64-apple-darwin17.4.0
Thread model: posix
InstalledDir: /Library/Developer/CommandLineTools/usr/bin
configure:2779: $? = 0
configure:2768: cc -v >&5
Apple LLVM version 9.0.0 (clang-900.0.39.2)
Target: x86_64-apple-darwin17.4.0
Thread model: posix
InstalledDir: /Library/Developer/CommandLineTools/usr/bin
configure:2779: $? = 0
configure:2768: cc -V >&5
clang: error: argument to '-V' is missing (expected 1 value)
clang: error: no input files
configure:2779: $? = 1
configure:2768: cc -qversion >&5
clang: error: unknown argument: '-qversion'
clang: error: no input files
configure:2779: $? = 1
configure:2799: checking whether the C compiler works
configure:2821: cc  -I/usr/local/opt/openssl/include -L/usr/local/opt/openssl/lib conftest.c -lpthread  >&5
configure:2825: $? = 0
configure:2873: result: yes
configure:2876: checking for C compiler default output file name
configure:2878: result: a.out
configure:2884: checking for suffix of executables
configure:2891: cc -o conftest  -I/usr/local/opt/openssl/include -L/usr/local/opt/openssl/lib conftest.c -lpthread  >&5
configure:2895: $? = 0
configure:2917: result: 
configure:2939: checking whether we are cross compiling
configure:2947: cc -o conftest  -I/usr/local/opt/openssl/include -L/usr/local/opt/openssl/lib conftest.c -lpthread  >&5
configure:2951: $? = 0
configure:2958: ./conftest
configure:2962: $? = 0
configure:2977: result: no
configure:2982: checking for suffix of object files
configure:3004: cc -c  -I/usr/local/opt/openssl/include conftest.c >&5
configure:3008: $? = 0
configure:3029: result: o
configure:3033: checking whether we are using the GNU C compiler
configure:3052: cc -c  -I/usr/local/opt/openssl/include conftest.c >&5
configure:3052: $? = 0
configure:3061: result: yes
configure:3070: checking whether cc accepts -g
configure:3090: cc -c -g -I/usr/local/opt/openssl/include conftest.c >&5
configure:3090: $? = 0
configure:3131: result: yes
configure:3148: checking for cc option to accept ISO C89
configure:3211: cc  -c -g -O2 -I/usr/local/opt/openssl/include conftest.c >&5
configure:3211: $? = 0
configure:3224: result: none needed
configure:3250: checking how to run the C preprocessor
configure:3281: cc -E -I/usr/local/opt/openssl/include conftest.c
configure:3281: $? = 0
configure:3295: cc -E -I/usr/local/opt/openssl/include conftest.c
conftest.c:9:10: fatal error: 'ac_nonexistent.h' file not found
#include <ac_nonexistent.h>
         ^~~~~~~~~~~~~~~~~~
1 error generated.
configure:3295: $? = 1
configure: failed program was:
| /* confdefs.h */
| #define PACKAGE_NAME ""
| #define PACKAGE_TARNAME ""
| #define PACKAGE_VERSION ""
| #define PACKAGE_STRING ""
| #define PACKAGE_BUGREPORT ""
| #define PACKAGE_URL ""
| /* end confdefs.h.  */
| #include <ac_nonexistent.h>
configure:3320: result: cc -E
configure:3340: cc -E -I/usr/local/opt/openssl/include conftest.c
configure:3340: $? = 0
configure:3354: cc -E -I/usr/local/opt/openssl/include conftest.c
conftest.c:9:10: fatal error: 'ac_nonexistent.h' file not found
#include <ac_nonexistent.h>
         ^~~~~~~~~~~~~~~~~~
1 error generated.
configure:3354: $? = 1
configure: failed program was:
| /* confdefs.h */
| #define PACKAGE_NAME ""
| #define PACKAGE_TARNAME ""
| #define PACKAGE_VERSION ""
| #define PACKAGE_STRING ""
| #define PACKAGE_BUGREPORT ""
| #define PACKAGE_URL ""
| /* end confdefs.h.  */
| #include <ac_nonexistent.h>
configure:3385: checking for icc
configure:3394: result: no
configure:3408: checking for suncc
configure:3417: result: no
configure:3435: checking whether cc understands -c and -o together
configure:3463: cc -c conftest.c -o conftest2.o >&5
configure:3467: $? = 0
configure:3473: cc -c conftest.c -o conftest2.o >&5
configure:3477: $? = 0
configure:3532: result: yes
configure:3546: checking for system library directory
configure:3561: result: lib
configure:3568: checking if compiler supports -R
configure:3587: cc -o conftest -g -O2 -I/usr/local/opt/openssl/include -L/usr/local/opt/openssl/lib conftest.c -R /usr/lib -lpthread  >&5
warning: unknown remark option '-R' [-Wunknown-warning-option]
1 warning generated.
ld: can't map file, errno=22 file '/usr/lib' for architecture x86_64
clang: error: linker command failed with exit code 1 (use -v to see invocation)
configure:3587: $? = 1
configure: failed program was:
| /* confdefs.h */
| #define PACKAGE_NAME ""
| #define PACKAGE_TARNAME ""
| #define PACKAGE_VERSION ""
| #define PACKAGE_STRING ""
| #define PACKAGE_BUGREPORT ""
| #define PACKAGE_URL ""
| /* end confdefs.h.  */
| 
| int
| main ()
| {
| 
|   ;
|   return 0;
| }
configure:3597: result: no
configure:3602: checking if compiler supports -Wl,-rpath,
configure:3621: cc -o conftest -g -O2 -I/usr/local/opt/openssl/include -L/usr/local/opt/openssl/lib conftest.c -Wl,-rpath,/usr/lib -lpthread  >&5
configure:3621: $? = 0
configure:3631: result: yes
configure:3676: checking build system type
configure:3690: result: x86_64-apple-darwin17.4.0
configure:3710: checking host system type
configure:3723: result: x86_64-apple-darwin17.4.0
configure:3743: checking target system type
configure:3756: result: x86_64-apple-darwin17.4.0
configure:3859: checking for PHP prefix
configure:3861: result: /usr
configure:3863: checking for PHP includes
configure:3865: result: -I/usr/include/php -I/usr/include/php/main -I/usr/include/php/TSRM -I/usr/include/php/Zend -I/usr/include/php/ext -I/usr/include/php/ext/date/lib
configure:3867: checking for PHP extension directory
configure:3869: result: /usr/lib/php/extensions/no-debug-non-zts-20160303
configure:3871: checking for PHP installed headers prefix
configure:3873: result: /usr/include/php
configure:3876: checking if debug is enabled
configure:3902: result: no
configure:3905: checking if zts is enabled
configure:3931: result: no
configure:4002: checking for re2c
configure:4032: result: no
configure:4057: WARNING: You will need re2c 0.13.4 or later if you want to regenerate PHP parsers.
configure:4071: checking for gawk
configure:4102: result: no
configure:4071: checking for nawk
configure:4102: result: no
configure:4071: checking for awk
configure:4088: found /usr/bin/awk
configure:4099: result: awk
configure:4122: checking if awk is broken
configure:4129: result: no
configure:4143: checking whether to enable the thrift_protocol extension
configure:4182: result: yes, shared
configure:4249: checking for g++
configure:4265: found /usr/bin/g++
configure:4276: result: g++
configure:4303: checking for C++ compiler version
configure:4312: g++ --version >&5
Apple LLVM version 9.0.0 (clang-900.0.39.2)
Target: x86_64-apple-darwin17.4.0
Thread model: posix
InstalledDir: /Library/Developer/CommandLineTools/usr/bin
Configured with: --prefix=/Library/Developer/CommandLineTools/usr --with-gxx-include-dir=/usr/include/c++/4.2.1
configure:4323: $? = 0
configure:4312: g++ -v >&5
Configured with: --prefix=/Library/Developer/CommandLineTools/usr --with-gxx-include-dir=/usr/include/c++/4.2.1
Apple LLVM version 9.0.0 (clang-900.0.39.2)
Target: x86_64-apple-darwin17.4.0
Thread model: posix
InstalledDir: /Library/Developer/CommandLineTools/usr/bin
configure:4323: $? = 0
configure:4312: g++ -V >&5
clang: error: argument to '-V' is missing (expected 1 value)
clang: error: no input files
configure:4323: $? = 1
configure:4312: g++ -qversion >&5
clang: error: unknown argument: '-qversion'
clang: error: no input files
configure:4323: $? = 1
configure:4327: checking whether we are using the GNU C++ compiler
configure:4346: g++ -c  -I/usr/local/opt/openssl/include conftest.cpp >&5
configure:4346: $? = 0
configure:4355: result: yes
configure:4364: checking whether g++ accepts -g
configure:4384: g++ -c -g -I/usr/local/opt/openssl/include conftest.cpp >&5
configure:4384: $? = 0
configure:4425: result: yes
configure:4453: checking how to run the C++ preprocessor
configure:4480: g++ -E -I/usr/local/opt/openssl/include conftest.cpp
configure:4480: $? = 0
configure:4494: g++ -E -I/usr/local/opt/openssl/include conftest.cpp
conftest.cpp:9:10: fatal error: 'ac_nonexistent.h' file not found
#include <ac_nonexistent.h>
         ^~~~~~~~~~~~~~~~~~
1 error generated.
configure:4494: $? = 1
configure: failed program was:
| /* confdefs.h */
| #define PACKAGE_NAME ""
| #define PACKAGE_TARNAME ""
| #define PACKAGE_VERSION ""
| #define PACKAGE_STRING ""
| #define PACKAGE_BUGREPORT ""
| #define PACKAGE_URL ""
| /* end confdefs.h.  */
| #include <ac_nonexistent.h>
configure:4519: result: g++ -E
configure:4539: g++ -E -I/usr/local/opt/openssl/include conftest.cpp
configure:4539: $? = 0
configure:4553: g++ -E -I/usr/local/opt/openssl/include conftest.cpp
conftest.cpp:9:10: fatal error: 'ac_nonexistent.h' file not found
#include <ac_nonexistent.h>
         ^~~~~~~~~~~~~~~~~~
1 error generated.
configure:4553: $? = 1
configure: failed program was:
| /* confdefs.h */
| #define PACKAGE_NAME ""
| #define PACKAGE_TARNAME ""
| #define PACKAGE_VERSION ""
| #define PACKAGE_STRING ""
| #define PACKAGE_BUGREPORT ""
| #define PACKAGE_URL ""
| /* end confdefs.h.  */
| #include <ac_nonexistent.h>
configure:5081: checking for ld used by cc
configure:5148: result: /Library/Developer/CommandLineTools/usr/bin/ld
configure:5155: checking if the linker (/Library/Developer/CommandLineTools/usr/bin/ld) is GNU ld
configure:5170: result: no
configure:5175: checking for /Library/Developer/CommandLineTools/usr/bin/ld option to reload object files
configure:5182: result: -r
configure:5200: checking for BSD-compatible nm
configure:5249: result: /usr/bin/nm -B
configure:5253: checking whether ln -s works
configure:5257: result: yes
configure:5264: checking how to recognize dependent libraries
configure:5450: result: pass_all
configure:5668: checking for ANSI C header files
configure:5688: cc -c -g -O2 -I/usr/local/opt/openssl/include conftest.c >&5
configure:5688: $? = 0
configure:5761: cc -o conftest -g -O2 -I/usr/local/opt/openssl/include -L/usr/local/opt/openssl/lib conftest.c -lstdc++ -lpthread  >&5
configure:5761: $? = 0
configure:5761: ./conftest
configure:5761: $? = 0
configure:5772: result: yes
configure:5785: checking for sys/types.h
configure:5785: cc -c -g -O2 -I/usr/local/opt/openssl/include conftest.c >&5
configure:5785: $? = 0
configure:5785: result: yes
configure:5785: checking for sys/stat.h
configure:5785: cc -c -g -O2 -I/usr/local/opt/openssl/include conftest.c >&5
configure:5785: $? = 0
configure:5785: result: yes
configure:5785: checking for stdlib.h
configure:5785: cc -c -g -O2 -I/usr/local/opt/openssl/include conftest.c >&5
configure:5785: $? = 0
configure:5785: result: yes
configure:5785: checking for string.h
configure:5785: cc -c -g -O2 -I/usr/local/opt/openssl/include conftest.c >&5
configure:5785: $? = 0
configure:5785: result: yes
configure:5785: checking for memory.h
configure:5785: cc -c -g -O2 -I/usr/local/opt/openssl/include conftest.c >&5
configure:5785: $? = 0
configure:5785: result: yes
configure:5785: checking for strings.h
configure:5785: cc -c -g -O2 -I/usr/local/opt/openssl/include conftest.c >&5
configure:5785: $? = 0
configure:5785: result: yes
configure:5785: checking for inttypes.h
configure:5785: cc -c -g -O2 -I/usr/local/opt/openssl/include conftest.c >&5
configure:5785: $? = 0
configure:5785: result: yes
configure:5785: checking for stdint.h
configure:5785: cc -c -g -O2 -I/usr/local/opt/openssl/include conftest.c >&5
configure:5785: $? = 0
configure:5785: result: yes
configure:5785: checking for unistd.h
configure:5785: cc -c -g -O2 -I/usr/local/opt/openssl/include conftest.c >&5
configure:5785: $? = 0
configure:5785: result: yes
configure:5799: checking dlfcn.h usability
configure:5799: cc -c -g -O2 -I/usr/local/opt/openssl/include conftest.c >&5
configure:5799: $? = 0
configure:5799: result: yes
configure:5799: checking dlfcn.h presence
configure:5799: cc -E -I/usr/local/opt/openssl/include conftest.c
configure:5799: $? = 0
configure:5799: result: yes
configure:5799: checking for dlfcn.h
configure:5799: result: yes
configure:5819: checking how to run the C++ preprocessor
configure:5885: result: g++ -E
configure:5905: g++ -E -I/usr/local/opt/openssl/include conftest.cpp
configure:5905: $? = 0
configure:5919: g++ -E -I/usr/local/opt/openssl/include conftest.cpp
conftest.cpp:21:10: fatal error: 'ac_nonexistent.h' file not found
#include <ac_nonexistent.h>
         ^~~~~~~~~~~~~~~~~~
1 error generated.
configure:5919: $? = 1
configure: failed program was:
| /* confdefs.h */
| #define PACKAGE_NAME ""
| #define PACKAGE_TARNAME ""
| #define PACKAGE_VERSION ""
| #define PACKAGE_STRING ""
| #define PACKAGE_BUGREPORT ""
| #define PACKAGE_URL ""
| #define COMPILE_DL_THRIFT_PROTOCOL 1
| #define STDC_HEADERS 1
| #define HAVE_SYS_TYPES_H 1
| #define HAVE_SYS_STAT_H 1
| #define HAVE_STDLIB_H 1
| #define HAVE_STRING_H 1
| #define HAVE_MEMORY_H 1
| #define HAVE_STRINGS_H 1
| #define HAVE_INTTYPES_H 1
| #define HAVE_STDINT_H 1
| #define HAVE_UNISTD_H 1
| #define HAVE_DLFCN_H 1
| /* end confdefs.h.  */
| #include <ac_nonexistent.h>
configure:5952: checking the maximum length of command line arguments
configure:6064: result: 196608
configure:6076: checking command to parse /usr/bin/nm -B output from cc object
configure:6181: g++ -c -g -O2 -std=c++11 -I/usr/local/opt/openssl/include conftest.cpp >&5
configure:6184: $? = 0
configure:6188: /usr/bin/nm -B conftest.o \| sed -n -e 's/^.*[ 	]\([BCDEGRST][BCDEGRST]*\)[ 	][ 	]*\([_A-Za-z][_A-Za-z0-9]*\)$/\1 \2 \2/p' \> conftest.nm
configure:6191: $? = 0
cannot find nm_test_var in conftest.nm
configure:6181: g++ -c -g -O2 -std=c++11 -I/usr/local/opt/openssl/include conftest.cpp >&5
configure:6184: $? = 0
configure:6188: /usr/bin/nm -B conftest.o \| sed -n -e 's/^.*[ 	]\([BCDEGRST][BCDEGRST]*\)[ 	][ 	]*_\([_A-Za-z][_A-Za-z0-9]*\)$/\1 _\2 \2/p' \> conftest.nm
configure:6191: $? = 0
configure:6243: g++ -o conftest -g -O2 -std=c++11 -I/usr/local/opt/openssl/include -L/usr/local/opt/openssl/lib conftest.cpp conftstm.o >&5
configure:6246: $? = 0
configure:6284: result: ok
configure:6288: checking for objdir
configure:6303: result: .libs
configure:6395: checking for ar
configure:6411: found /usr/bin/ar
configure:6422: result: ar
configure:6487: checking for ranlib
configure:6503: found /usr/bin/ranlib
configure:6514: result: ranlib
configure:6579: checking for strip
configure:6595: found /usr/bin/strip
configure:6606: result: strip
configure:6859: checking for dsymutil
configure:6875: found /usr/bin/dsymutil
configure:6886: result: dsymutil
configure:6951: checking for nmedit
configure:6967: found /usr/bin/nmedit
configure:6978: result: nmedit
configure:7001: checking for -single_module linker flag
configure:7022: result: yes
configure:7024: checking for -exported_symbols_list linker flag
configure:7040: g++ -o conftest -g -O2 -std=c++11 -I/usr/local/opt/openssl/include -L/usr/local/opt/openssl/lib -Wl,-exported_symbols_list,conftest.sym conftest.cpp -lstdc++ -lpthread  >&5
configure:7043: $? = 0
configure:7057: result: yes
configure:7175: checking if cc supports -fno-rtti -fno-exceptions
configure:7193: cc -c -g -O2 -I/usr/local/opt/openssl/include -fno-rtti -fno-exceptions conftest.c >&5
configure:7197: $? = 0
configure:7210: result: yes
configure:7225: checking for cc option to produce PIC
configure:7465: result: -fno-common
configure:7473: checking if cc PIC flag -fno-common works
configure:7491: cc -c -g -O2 -I/usr/local/opt/openssl/include -fno-common -DPIC conftest.c >&5
configure:7495: $? = 0
configure:7508: result: yes
configure:7536: checking if cc static flag -static works
configure:7564: result: no
configure:7574: checking if cc supports -c -o file.o
configure:7595: cc -c -g -O2 -I/usr/local/opt/openssl/include -o out/conftest2.o conftest.c >&5
configure:7599: $? = 0
configure:7621: result: yes
configure:7647: checking whether the cc linker (/Library/Developer/CommandLineTools/usr/bin/ld) supports shared libraries
configure:8575: result: yes
configure:8642: checking dynamic linker characteristics
configure:9240: result: darwin17.4.0 dyld
configure:9264: checking how to hardcode library paths into programs
configure:9289: result: immediate
configure:9303: checking whether stripping libraries is possible
configure:9317: result: yes
configure:9825: checking if libtool supports shared libraries
configure:9827: result: yes
configure:9830: checking whether to build shared libraries
configure:9851: result: yes
configure:9854: checking whether to build static libraries
configure:9858: result: no
configure:9953: result:
creating libtool
configure:10544: checking for ld used by g++
configure:10611: result: /Library/Developer/CommandLineTools/usr/bin/ld
configure:10618: checking if the linker (/Library/Developer/CommandLineTools/usr/bin/ld) is GNU ld
configure:10633: result: no
configure:10684: checking whether the g++ linker (/Library/Developer/CommandLineTools/usr/bin/ld) supports shared libraries
configure:11582: result: yes
configure:11603: g++ -c -g -O2 -std=c++11 -I/usr/local/opt/openssl/include conftest.cpp >&5
configure:11606: $? = 0
configure:11762: checking for g++ option to produce PIC
configure:12052: result: -fno-common
configure:12060: checking if g++ PIC flag -fno-common works
configure:12078: g++ -c -g -O2 -std=c++11 -I/usr/local/opt/openssl/include -fno-common -DPIC conftest.cpp >&5
configure:12082: $? = 0
configure:12095: result: yes
configure:12123: checking if g++ static flag -static works
configure:12151: result: no
configure:12161: checking if g++ supports -c -o file.o
configure:12182: g++ -c -g -O2 -std=c++11 -I/usr/local/opt/openssl/include -o out/conftest2.o conftest.cpp >&5
configure:12186: $? = 0
configure:12208: result: yes
configure:12234: checking whether the g++ linker (/Library/Developer/CommandLineTools/usr/bin/ld) supports shared libraries
configure:12260: result: yes
configure:12327: checking dynamic linker characteristics
configure:12873: result: darwin17.4.0 dyld
configure:12897: checking how to hardcode library paths into programs
configure:12922: result: immediate
configure:13652: creating ./config.status

## ---------------------- ##
## Running config.status. ##
## ---------------------- ##

This file was extended by config.status, which was
generated by GNU Autoconf 2.69.  Invocation command line was

  CONFIG_FILES    = 
  CONFIG_HEADERS  = 
  CONFIG_LINKS    = 
  CONFIG_COMMANDS = 
  $ ./config.status 

on luyongchendeMacBook-Pro.local

config.status:676: creating config.h

## ---------------- ##
## Cache variables. ##
## ---------------- ##

ac_cv_build=x86_64-apple-darwin17.4.0
ac_cv_c_compiler_gnu=yes
ac_cv_cxx_compiler_gnu=yes
ac_cv_env_CCC_set=
ac_cv_env_CCC_value=
ac_cv_env_CC_set=
ac_cv_env_CC_value=
ac_cv_env_CFLAGS_set=
ac_cv_env_CFLAGS_value=
ac_cv_env_CPPFLAGS_set=set
ac_cv_env_CPPFLAGS_value=-I/usr/local/opt/openssl/include
ac_cv_env_CPP_set=
ac_cv_env_CPP_value=
ac_cv_env_CXXCPP_set=
ac_cv_env_CXXCPP_value=
ac_cv_env_CXXFLAGS_set=
ac_cv_env_CXXFLAGS_value=
ac_cv_env_CXX_set=
ac_cv_env_CXX_value=
ac_cv_env_LDFLAGS_set=set
ac_cv_env_LDFLAGS_value=-L/usr/local/opt/openssl/lib
ac_cv_env_LIBS_set=set
ac_cv_env_LIBS_value='-lpthread '
ac_cv_env_build_alias_set=
ac_cv_env_build_alias_value=
ac_cv_env_host_alias_set=
ac_cv_env_host_alias_value=
ac_cv_env_target_alias_set=
ac_cv_env_target_alias_value=
ac_cv_header_dlfcn_h=yes
ac_cv_header_inttypes_h=yes
ac_cv_header_memory_h=yes
ac_cv_header_stdc=yes
ac_cv_header_stdint_h=yes
ac_cv_header_stdlib_h=yes
ac_cv_header_string_h=yes
ac_cv_header_strings_h=yes
ac_cv_header_sys_stat_h=yes
ac_cv_header_sys_types_h=yes
ac_cv_header_unistd_h=yes
ac_cv_host=x86_64-apple-darwin17.4.0
ac_cv_objext=o
ac_cv_path_EGREP='/usr/bin/grep -E'
ac_cv_path_GREP=/usr/bin/grep
ac_cv_prog_AWK=awk
ac_cv_prog_CPP='cc -E'
ac_cv_prog_CXXCPP='g++ -E'
ac_cv_prog_ac_ct_AR=ar
ac_cv_prog_ac_ct_CC=cc
ac_cv_prog_ac_ct_CXX=g++
ac_cv_prog_ac_ct_DSYMUTIL=dsymutil
ac_cv_prog_ac_ct_NMEDIT=nmedit
ac_cv_prog_ac_ct_RANLIB=ranlib
ac_cv_prog_ac_ct_STRIP=strip
ac_cv_prog_cc_c89=
ac_cv_prog_cc_cc_c_o=yes
ac_cv_prog_cc_g=yes
ac_cv_prog_cxx_g=yes
ac_cv_target=x86_64-apple-darwin17.4.0
lt_cv_apple_cc_single_mod=yes
lt_cv_deplibs_check_method=pass_all
lt_cv_file_magic_cmd='$MAGIC_CMD'
lt_cv_file_magic_test_file=
lt_cv_ld_exported_symbols_list=yes
lt_cv_ld_reload_flag=-r
lt_cv_objdir=.libs
lt_cv_path_LD=/Library/Developer/CommandLineTools/usr/bin/ld
lt_cv_path_LDCXX=/Library/Developer/CommandLineTools/usr/bin/ld
lt_cv_path_NM='/usr/bin/nm -B'
lt_cv_path_SED=/usr/bin/sed
lt_cv_prog_compiler_c_o=yes
lt_cv_prog_compiler_c_o_CXX=yes
lt_cv_prog_compiler_pic_works=yes
lt_cv_prog_compiler_pic_works_CXX=yes
lt_cv_prog_compiler_rtti_exceptions=yes
lt_cv_prog_compiler_static_works=no
lt_cv_prog_compiler_static_works_CXX=no
lt_cv_prog_gnu_ld=no
lt_cv_prog_gnu_ldcxx=no
lt_cv_sys_global_symbol_pipe='sed -n -e '\''s/^.*[ 	]\([BCDEGRST][BCDEGRST]*\)[ 	][ 	]*_\([_A-Za-z][_A-Za-z0-9]*\)$/\1 _\2 \2/p'\'''
lt_cv_sys_global_symbol_to_c_name_address='sed -n -e '\''s/^: \([^ ]*\) $/  {\"\1\", (lt_ptr) 0},/p'\'' -e '\''s/^[BCDEGRST] \([^ ]*\) \([^ ]*\)$/  {"\2", (lt_ptr) \&\2},/p'\'''
lt_cv_sys_global_symbol_to_cdecl='sed -n -e '\''s/^. .* \(.*\)$/extern int \1;/p'\'''
lt_cv_sys_lib_dlsearch_path_spec='/usr/local/lib /lib /usr/lib'
lt_cv_sys_lib_search_path_spec='/Library/Developer/CommandLineTools/usr/lib/clang/9.0.0 /usr/local/lib'
lt_cv_sys_max_cmd_len=196608
lt_lt_cv_prog_compiler_c_o='"yes"'
lt_lt_cv_prog_compiler_c_o_CXX='"yes"'
lt_lt_cv_sys_global_symbol_pipe='"sed -n -e '\''s/^.*[ 	]\\([BCDEGRST][BCDEGRST]*\\)[ 	][ 	]*_\\([_A-Za-z][_A-Za-z0-9]*\\)\$/\\1 _\\2 \\2/p'\''"'
lt_lt_cv_sys_global_symbol_to_c_name_address='"sed -n -e '\''s/^: \\([^ ]*\\) \$/  {\\\"\\1\\\", (lt_ptr) 0},/p'\'' -e '\''s/^[BCDEGRST] \\([^ ]*\\) \\([^ ]*\\)\$/  {\"\\2\", (lt_ptr) \\&\\2},/p'\''"'
lt_lt_cv_sys_global_symbol_to_cdecl='"sed -n -e '\''s/^. .* \\(.*\\)\$/extern int \\1;/p'\''"'
php_cv_cc_dashr=no
php_cv_cc_rpath=yes

## ----------------- ##
## Output variables. ##
## ----------------- ##

AR='ar'
AWK='awk'
CC='cc'
CFLAGS='-g -O2'
CONFIGURE_COMMAND=' '\''./configure'\''  '\''--disable-option-checking'\'' '\''--prefix=/usr/local'\'' '\''--cache-file=/dev/null'\'' '\''--srcdir=.'\'''
CONFIGURE_OPTIONS=' '\''--disable-option-checking'\'' '\''--prefix=/usr/local'\'' '\''--cache-file=/dev/null'\'' '\''--srcdir=.'\'''
CPP='cc -E'
CPPFLAGS='-I/usr/local/opt/openssl/include -DHAVE_CONFIG_H'
CXX='g++'
CXXCPP='g++ -E'
CXXFLAGS='-g -O2 -std=c++11'
DEFS='-DHAVE_CONFIG_H'
DSYMUTIL='dsymutil'
ECHO='/bin/echo'
ECHO_C='\c'
ECHO_N=''
ECHO_T=''
EGREP='/usr/bin/grep -E'
EXEEXT=''
GREP='/usr/bin/grep'
LDFLAGS='-L/usr/local/opt/openssl/lib'
LIBOBJS=''
LIBS='-lstdc++ -lpthread '
LIBTOOL='$(SHELL) $(top_builddir)/libtool'
LN_S='ln -s'
LTLIBOBJS=''
NMEDIT='nmedit'
OBJEXT='o'
PACKAGE_BUGREPORT=''
PACKAGE_NAME=''
PACKAGE_STRING=''
PACKAGE_TARNAME=''
PACKAGE_URL=''
PACKAGE_VERSION=''
PATH_SEPARATOR=':'
RANLIB='ranlib'
RE2C='exit 0;'
SED='/usr/bin/sed'
SHELL='/bin/sh'
SHLIB_DL_SUFFIX_NAME='so'
SHLIB_SUFFIX_NAME='dylib'
STRIP='strip'
ac_ct_CC='cc'
ac_ct_CXX='g++'
bindir='${exec_prefix}/bin'
build='x86_64-apple-darwin17.4.0'
build_alias=''
build_cpu='x86_64'
build_os='darwin17.4.0'
build_vendor='apple'
datadir='${datarootdir}'
datarootdir='${prefix}/share'
docdir='${datarootdir}/doc/${PACKAGE}'
dvidir='${docdir}'
exec_prefix='$(prefix)'
host='x86_64-apple-darwin17.4.0'
host_alias='x86_64-apple-darwin17.4.0'
host_cpu='x86_64'
host_os='darwin17.4.0'
host_vendor='apple'
htmldir='${docdir}'
includedir='${prefix}/include'
infodir='${datarootdir}/info'
libdir='${exec_prefix}/lib'
libexecdir='${exec_prefix}/libexec'
localedir='${datarootdir}/locale'
localstatedir='${prefix}/var'
mandir='${datarootdir}/man'
oldincludedir='/usr/include'
pdfdir='${docdir}'
prefix='/usr'
program_transform_name='s,x,x,'
psdir='${docdir}'
sbindir='${exec_prefix}/sbin'
sharedstatedir='${prefix}/com'
sysconfdir='${prefix}/etc'
target='x86_64-apple-darwin17.4.0'
target_alias=''
target_cpu='x86_64'
target_os='darwin17.4.0'
target_vendor='apple'

## ----------- ##
## confdefs.h. ##
## ----------- ##

/* confdefs.h */
#define PACKAGE_NAME ""
#define PACKAGE_TARNAME ""
#define PACKAGE_VERSION ""
#define PACKAGE_STRING ""
#define PACKAGE_BUGREPORT ""
#define PACKAGE_URL ""
#define COMPILE_DL_THRIFT_PROTOCOL 1
#define STDC_HEADERS 1
#define HAVE_SYS_TYPES_H 1
#define HAVE_SYS_STAT_H 1
#define HAVE_STDLIB_H 1
#define HAVE_STRING_H 1
#define HAVE_MEMORY_H 1
#define HAVE_STRINGS_H 1
#define HAVE_INTTYPES_H 1
#define HAVE_STDINT_H 1
#define HAVE_UNISTD_H 1
#define HAVE_DLFCN_H 1

configure: exit 0
